TN:
SF:app.js
FNF:0
FNH:0
DA:1,1
DA:2,1
DA:3,1
DA:4,1
DA:6,1
DA:9,1
DA:10,1
DA:11,1
DA:14,1
DA:17,1
DA:19,1
LF:11
LH:11
BRF:0
BRH:0
end_of_record
TN:
SF:controllers\userController.js
FN:6,(anonymous_0)
FN:15,(anonymous_1)
FN:54,(anonymous_2)
FN:76,(anonymous_3)
FNF:4
FNH:4
FNDA:3,(anonymous_0)
FNDA:3,(anonymous_1)
FNDA:2,(anonymous_2)
FNDA:1,(anonymous_3)
DA:1,1
DA:2,1
DA:3,1
DA:6,1
DA:7,3
DA:15,1
DA:16,3
DA:19,3
DA:20,0
DA:21,0
DA:25,3
DA:26,3
DA:27,1
DA:28,1
DA:32,2
DA:38,2
DA:39,2
DA:46,0
DA:47,0
DA:54,1
DA:55,2
DA:58,2
DA:60,2
DA:61,1
DA:68,1
DA:69,1
DA:76,1
DA:77,1
DA:79,1
DA:80,1
DA:82,0
DA:83,0
DA:87,1
LF:33
LH:27
BRDA:19,0,0,0
BRDA:19,0,1,3
BRDA:19,1,0,3
BRDA:19,1,1,3
BRDA:19,1,2,3
BRDA:26,2,0,1
BRDA:26,2,1,2
BRDA:38,3,0,2
BRDA:38,3,1,0
BRDA:60,4,0,1
BRDA:60,4,1,1
BRDA:60,5,0,2
BRDA:60,5,1,2
BRDA:79,6,0,1
BRDA:79,6,1,0
BRF:15
BRH:12
end_of_record
TN:
SF:middleware\authMiddleware.js
FN:5,(anonymous_0)
FNF:1
FNH:1
FNDA:1,(anonymous_0)
DA:1,1
DA:2,1
DA:3,1
DA:5,1
DA:8,1
DA:9,1
DA:10,1
DA:13,1
DA:16,1
DA:17,1
DA:19,0
DA:20,0
DA:21,0
DA:25,1
DA:26,0
DA:27,0
DA:31,1
LF:17
LH:12
BRDA:8,0,0,1
BRDA:8,0,1,0
BRDA:8,1,0,1
BRDA:8,1,1,1
BRDA:25,2,0,0
BRDA:25,2,1,1
BRF:6
BRH:4
end_of_record
TN:
SF:middleware\errorMiddleware.js
FN:1,(anonymous_0)
FNF:1
FNH:1
FNDA:2,(anonymous_0)
DA:1,1
DA:2,2
DA:4,2
DA:6,2
DA:12,1
LF:5
LH:5
BRDA:2,0,0,2
BRDA:2,0,1,0
BRDA:8,1,0,0
BRDA:8,1,1,2
BRF:4
BRH:2
end_of_record
TN:
SF:models\userModel.js
FN:32,(anonymous_0)
FN:42,(anonymous_1)
FNF:2
FNH:2
FNDA:5,(anonymous_0)
FNDA:2,(anonymous_1)
DA:1,1
DA:2,1
DA:4,1
DA:32,1
DA:33,5
DA:34,0
DA:37,5
DA:38,5
DA:42,1
DA:43,2
DA:46,1
LF:11
LH:10
BRDA:33,0,0,0
BRDA:33,0,1,5
BRF:2
BRH:1
end_of_record
TN:
SF:routes\userRoutes.js
FNF:0
FNH:0
DA:1,1
DA:2,1
DA:7,1
DA:8,1
DA:11,1
DA:12,1
DA:15,1
DA:17,1
LF:8
LH:8
BRF:0
BRH:0
end_of_record
